<?xml version="1.0" encoding="UTF-8"?>
<testsuite name="parcial1DSoftware.demo.DemoApplicationTests" tests="1" skipped="0" failures="0" errors="0" timestamp="2024-10-02T19:45:13" hostname="DESKTOP-6O0OTH9" time="0.76">
  <properties/>
  <testcase name="contextLoads()" classname="parcial1DSoftware.demo.DemoApplicationTests" time="0.76"/>
  <system-out><![CDATA[16:45:04.057 [Test worker] INFO org.springframework.test.context.support.AnnotationConfigContextLoaderUtils -- Could not detect default configuration classes for test class [parcial1DSoftware.demo.DemoApplicationTests]: DemoApplicationTests does not declare any static, non-private, non-final, nested classes annotated with @Configuration.
16:45:04.278 [Test worker] INFO org.springframework.boot.test.context.SpringBootTestContextBootstrapper -- Found @SpringBootConfiguration parcial1DSoftware.demo.DemoApplication for test class parcial1DSoftware.demo.DemoApplicationTests

  .   ____          _            __ _ _
 /\\ / ___'_ __ _ _(_)_ __  __ _ \ \ \ \
( ( )\___ | '_ | '_| | '_ \/ _` | \ \ \ \
 \\/  ___)| |_)| | | | | || (_| |  ) ) ) )
  '  |____| .__|_| |_|_| |_\__, | / / / /
 =========|_|==============|___/=/_/_/_/

 :: Spring Boot ::                (v3.3.4)

2024-10-02T16:45:05.058-03:00  INFO 3552 --- [    Test worker] p.demo.DemoApplicationTests              : Starting DemoApplicationTests using Java 17.0.8 with PID 3552 (started by Seba in C:\Users\Seba\Desktop\TPS DESARROLLO\ParcialDS\demo)
2024-10-02T16:45:05.061-03:00  INFO 3552 --- [    Test worker] p.demo.DemoApplicationTests              : No active profile set, falling back to 1 default profile: "default"
2024-10-02T16:45:06.407-03:00  INFO 3552 --- [    Test worker] .s.d.r.c.RepositoryConfigurationDelegate : Bootstrapping Spring Data JPA repositories in DEFAULT mode.
2024-10-02T16:45:06.527-03:00  INFO 3552 --- [    Test worker] .s.d.r.c.RepositoryConfigurationDelegate : Finished Spring Data repository scanning in 101 ms. Found 1 JPA repository interface.
2024-10-02T16:45:07.606-03:00  INFO 3552 --- [    Test worker] o.hibernate.jpa.internal.util.LogHelper  : HHH000204: Processing PersistenceUnitInfo [name: default]
2024-10-02T16:45:07.759-03:00  INFO 3552 --- [    Test worker] org.hibernate.Version                    : HHH000412: Hibernate ORM core version 6.5.3.Final
2024-10-02T16:45:07.838-03:00  INFO 3552 --- [    Test worker] o.h.c.internal.RegionFactoryInitiator    : HHH000026: Second-level cache disabled
2024-10-02T16:45:08.541-03:00  INFO 3552 --- [    Test worker] o.s.o.j.p.SpringPersistenceUnitInfo      : No LoadTimeWeaver setup: ignoring JPA class transformer
2024-10-02T16:45:08.615-03:00  INFO 3552 --- [    Test worker] com.zaxxer.hikari.HikariDataSource       : HikariPool-1 - Starting...
2024-10-02T16:45:09.004-03:00  INFO 3552 --- [    Test worker] com.zaxxer.hikari.pool.HikariPool        : HikariPool-1 - Added connection conn0: url=jdbc:h2:mem:04e4b68f-b990-4e30-9d04-d86bb441e2cd user=SA
2024-10-02T16:45:09.008-03:00  INFO 3552 --- [    Test worker] com.zaxxer.hikari.HikariDataSource       : HikariPool-1 - Start completed.
2024-10-02T16:45:10.871-03:00  INFO 3552 --- [    Test worker] o.h.e.t.j.p.i.JtaPlatformInitiator       : HHH000489: No JTA platform available (set 'hibernate.transaction.jta.platform' to enable JTA platform integration)
Hibernate: create table dna_mutante (id bigint generated by default as identity, dna varchar(255), is_mutant boolean not null, primary key (id))
2024-10-02T16:45:10.997-03:00  INFO 3552 --- [    Test worker] j.LocalContainerEntityManagerFactoryBean : Initialized JPA EntityManagerFactory for persistence unit 'default'
2024-10-02T16:45:11.914-03:00  WARN 3552 --- [    Test worker] JpaBaseConfiguration$JpaWebConfiguration : spring.jpa.open-in-view is enabled by default. Therefore, database queries may be performed during view rendering. Explicitly configure spring.jpa.open-in-view to disable this warning
2024-10-02T16:45:13.158-03:00  INFO 3552 --- [    Test worker] p.demo.DemoApplicationTests              : Started DemoApplicationTests in 8.532 seconds (process running for 10.999)
]]></system-out>
  <system-err><![CDATA[]]></system-err>
</testsuite>
